<?xml version="1.0" encoding="UTF-8"?>
<!-- Generated by org.testng.reporters.JUnitReportReporter -->
<testsuite skipped="0" hostname="Begums-MacBook-Pro.local" name="TestCases" tests="1" failures="0" timestamp="2021-12-15T00:40:56 TRT" time="2.031" errors="0">
  <testcase name="test1" time="2.031" classname="TestCases"/>
  <system-out/>
</testsuite> <!-- TestCases -->
